<?xml version="1.0" encoding="UTF-8"?>
<!-- Generated by org.testng.reporters.JUnitReportReporter -->
<testsuite ignored="9" hostname="LAPTOP-R1C2DS9T" failures="0" tests="1" name="com.tutorialsninja.qa.testcases.Login_Test" time="21.749" errors="0" timestamp="05 Nov 2023 18:18:31 GMT" skipped="0">
  <testcase classname="com.tutorialsninja.qa.testcases.Login_Test" name="TC_007_loginThrough_Tab_And_Enter" time="21.749"/>
  <testcase classname="com.tutorialsninja.qa.testcases.Login_Test" name="TC_LF_004_verifyLoginWithValidEmailAndInvalidPassword">
    <skipped/>
  </testcase> <!-- TC_LF_004_verifyLoginWithValidEmailAndInvalidPassword -->
  <testcase classname="com.tutorialsninja.qa.testcases.Login_Test" name="TC_LF_006_checkForgotPasswordFuctionality">
    <skipped/>
  </testcase> <!-- TC_LF_006_checkForgotPasswordFuctionality -->
  <testcase classname="com.tutorialsninja.qa.testcases.Login_Test" name="TC_LF_003_verifyLoginWithInalidEmailAndValidPassword">
    <skipped/>
  </testcase> <!-- TC_LF_003_verifyLoginWithInalidEmailAndValidPassword -->
  <testcase classname="com.tutorialsninja.qa.testcases.Login_Test" name="TC_LF_002_verifyLoginWithInValidCredentials">
    <skipped/>
  </testcase> <!-- TC_LF_002_verifyLoginWithInValidCredentials -->
  <testcase classname="com.tutorialsninja.qa.testcases.Login_Test" name="TC_LF_005_verifyLoginWithputProvidingCredentials">
    <skipped/>
  </testcase> <!-- TC_LF_005_verifyLoginWithputProvidingCredentials -->
  <testcase classname="com.tutorialsninja.qa.testcases.Login_Test" name="TC_LF_005_loginwithoutProvidingPassword">
    <skipped/>
  </testcase> <!-- TC_LF_005_loginwithoutProvidingPassword -->
  <testcase classname="com.tutorialsninja.qa.testcases.Login_Test" name="TC_LF_002_verifyLoginWithInValidCredentialsDataProviderExcel">
    <skipped/>
  </testcase> <!-- TC_LF_002_verifyLoginWithInValidCredentialsDataProviderExcel -->
  <testcase classname="com.tutorialsninja.qa.testcases.Login_Test" name="TC_LF_001_verifyLoginWithValidCredentials">
    <skipped/>
  </testcase> <!-- TC_LF_001_verifyLoginWithValidCredentials -->
  <testcase classname="com.tutorialsninja.qa.testcases.Login_Test" name="TC_LF_002_verifyLoginWithInValidCredentialsDataProvider">
    <skipped/>
  </testcase> <!-- TC_LF_002_verifyLoginWithInValidCredentialsDataProvider -->
</testsuite> <!-- com.tutorialsninja.qa.testcases.Login_Test -->
