<?xml version="1.0" encoding="UTF-8"?>
<!-- Generated by org.testng.reporters.JUnitReportReporter -->
<testsuite ignored="4" hostname="LAPTOP-R1C2DS9T" failures="0" tests="1" name="com.tutorialsninja.qa.testcases.Search_Test" time="4.525" errors="0" timestamp="04 Feb 2024 19:28:16 GMT" skipped="0">
  <testcase classname="com.tutorialsninja.qa.testcases.Search_Test" name="TC_SF_006_verfiyMultipleSearchResults" time="4.525"/>
  <testcase classname="com.tutorialsninja.qa.testcases.Search_Test" name="TC_SF_002_verifySearchWithInValidProduct">
    <skipped/>
  </testcase> <!-- TC_SF_002_verifySearchWithInValidProduct -->
  <testcase classname="com.tutorialsninja.qa.testcases.Search_Test" name="TC_SF_001_verifySearchWithValidProduct">
    <skipped/>
  </testcase> <!-- TC_SF_001_verifySearchWithValidProduct -->
  <testcase classname="com.tutorialsninja.qa.testcases.Search_Test" name="TC_SF_004_verifySearchWithValidProduct_AfterLogin">
    <skipped/>
  </testcase> <!-- TC_SF_004_verifySearchWithValidProduct_AfterLogin -->
  <testcase classname="com.tutorialsninja.qa.testcases.Search_Test" name="TC_SF_003_verifySearchWithoutEnteringProduct">
    <skipped/>
  </testcase> <!-- TC_SF_003_verifySearchWithoutEnteringProduct -->
</testsuite> <!-- com.tutorialsninja.qa.testcases.Search_Test -->
