<?xml version="1.0" encoding="UTF-8"?>
<!-- Generated by org.testng.reporters.JUnitReportReporter -->
<testsuite ignored="3" hostname="LAPTOP-R1C2DS9T" failures="0" tests="1" name="com.tutorialsninja.qa.testcases.Search_Test" time="6.782" errors="0" timestamp="22 Jan 2024 08:59:25 GMT" skipped="0">
  <testcase classname="com.tutorialsninja.qa.testcases.Search_Test" name="TC_SF_004_verifySearchWithValidProduct_AfterLogin" time="6.782"/>
  <testcase classname="com.tutorialsninja.qa.testcases.Search_Test" name="TC_SF_002_verifySearchWithInValidProduct">
    <skipped/>
  </testcase> <!-- TC_SF_002_verifySearchWithInValidProduct -->
  <testcase classname="com.tutorialsninja.qa.testcases.Search_Test" name="TC_SF_001_verifySearchWithValidProduct">
    <skipped/>
  </testcase> <!-- TC_SF_001_verifySearchWithValidProduct -->
  <testcase classname="com.tutorialsninja.qa.testcases.Search_Test" name="TC_SF_003_verifySearchWithoutEnteringProduct">
    <skipped/>
  </testcase> <!-- TC_SF_003_verifySearchWithoutEnteringProduct -->
</testsuite> <!-- com.tutorialsninja.qa.testcases.Search_Test -->
